<?xml version="1.0" encoding="UTF-8"?>
<!-- Generated by org.testng.reporters.JUnitXMLReporter -->
<testsuite ignored="0" hostname="UBVPNN7370" failures="0" tests="5" name="Default test" time="166.752" errors="0" timestamp="2023-09-03T14:10:29 IST">
  <testcase classname="Unit_Testing_Tool.FirstProgram1global" name="Collabera" time="73.769"/>
  <testcase classname="Unit_Testing_Tool.FirstProgram1global" name="Infogain" time="12.803"/>
  <testcase classname="Unit_Testing_Tool.FirstProgram1global" name="Infosys" time="10.733"/>
  <testcase classname="Unit_Testing_Tool.FirstProgram1global" name="Testyantra" time="34.017"/>
  <testcase classname="Unit_Testing_Tool.FirstProgram1global" name="Wipro" time="35.352"/>
</testsuite> <!-- Default test -->
